c:\users\taighe\documents\test\debug\vc120.pdb
c:\users\taighe\documents\test\debug\vc120.idb
c:\users\taighe\documents\test\debug\advancedtexturing.obj
c:\users\taighe\documents\test\debug\baseapp.obj
c:\users\taighe\documents\test\debug\basecamera.obj
c:\users\taighe\documents\test\debug\cameraprojection.obj
c:\users\taighe\documents\test\debug\flycamera.obj
c:\users\taighe\documents\test\debug\gizmos.obj
c:\users\taighe\documents\test\debug\lightingapp.obj
c:\users\taighe\documents\test\debug\quaternion.obj
c:\users\taighe\documents\test\debug\rendergeo.obj
c:\users\taighe\documents\test\debug\main.obj
c:\users\taighe\documents\test\debug\solarsystem.obj
c:\users\taighe\documents\test\debug\texturing.obj
c:\users\taighe\documents\test\debug\tiny_obj_loader.obj
c:\users\taighe\documents\test\debug\utility.obj
c:\users\taighe\documents\test\debug\gl_core_4_4.obj
c:\users\taighe\documents\test\build\openglproject.ilk
c:\users\taighe\documents\test\build\openglproject.exe
c:\users\taighe\documents\test\build\openglproject.pdb
c:\users\taighe\documents\test\debug\openglproject.tlog\cl.command.1.tlog
c:\users\taighe\documents\test\debug\openglproject.tlog\cl.read.1.tlog
c:\users\taighe\documents\test\debug\openglproject.tlog\cl.write.1.tlog
c:\users\taighe\documents\test\debug\openglproject.tlog\link.command.1.tlog
c:\users\taighe\documents\test\debug\openglproject.tlog\link.read.1.tlog
c:\users\taighe\documents\test\debug\openglproject.tlog\link.write.1.tlog
